#
# There is insufficient memory for the Java Runtime Environment to continue.
# Native memory allocation (malloc) failed to allocate 32744 bytes for ChunkPool::allocate
# Possible reasons:
#   The system is out of physical RAM or swap space
#   The process is running with CompressedOops enabled, and the Java Heap may be blocking the growth of the native heap
# Possible solutions:
#   Reduce memory load on the system
#   Increase physical memory or swap space
#   Check if swap backing store is full
#   Decrease Java heap size (-Xmx/-Xms)
#   Decrease number of Java threads
#   Decrease Java thread stack sizes (-Xss)
#   Set larger code cache with -XX:ReservedCodeCacheSize=
#   JVM is running with Unscaled Compressed Oops mode in which the Java heap is
#     placed in the first 4GB address space. The Java Heap base address is the
#     maximum limit for the native heap growth. Please use -XX:HeapBaseMinAddress
#     to set the Java Heap base and to place the Java Heap above 4GB virtual address.
# This output file may be truncated or incomplete.
#
#  Out of Memory Error (allocation.cpp:272), pid=2648, tid=0x0000000000000798
#
# JRE version: Java(TM) SE Runtime Environment (8.0_301-b09) (build 1.8.0_301-b09)
# Java VM: Java HotSpot(TM) 64-Bit Server VM (25.301-b09 mixed mode windows-amd64 compressed oops)
# Failed to write core dump. Minidumps are not enabled by default on client versions of Windows
#

---------------  T H R E A D  ---------------

Current thread (0x0000017c6d229800):  JavaThread "C1 CompilerThread2" daemon [_thread_in_native, id=1944, stack(0x0000007615e00000,0x0000007615f00000)]

Stack: [0x0000007615e00000,0x0000007615f00000]
Native frames: (J=compiled Java code, j=interpreted, Vv=VM code, C=native code)
V  [jvm.dll+0x32ed79]
V  [jvm.dll+0x275722]
V  [jvm.dll+0x2763cd]
V  [jvm.dll+0x26ce05]
V  [jvm.dll+0xd59bd]
V  [jvm.dll+0xd5d1c]
V  [jvm.dll+0x2c6fa7]
V  [jvm.dll+0x40a928]
V  [jvm.dll+0x4084fe]
V  [jvm.dll+0x3f4e20]
V  [jvm.dll+0x3e0db3]
V  [jvm.dll+0x3e06ad]
V  [jvm.dll+0x3e088e]
V  [jvm.dll+0x3dffe1]
V  [jvm.dll+0x3e1a1f]
V  [jvm.dll+0xac1bb]
V  [jvm.dll+0xaa81b]
V  [jvm.dll+0x23ddc2]
V  [jvm.dll+0x2923dc]
C  [ucrtbase.dll+0x2268a]
C  [KERNEL32.DLL+0x17974]
C  [ntdll.dll+0x5a2f1]


Current CompileTask:
C1:  16817 2069       3       sun.nio.cs.UTF_8$Decoder::decode (779 bytes)


---------------  P R O C E S S  ---------------

Java Threads: ( => current thread )
  0x0000017c6d164800 JavaThread "Okio Watchdog" daemon [_thread_blocked, id=8412, stack(0x0000007616800000,0x0000007616900000)]
  0x0000017c6d123000 JavaThread "OkHttp ConnectionPool" daemon [_thread_blocked, id=7928, stack(0x0000007616700000,0x0000007616800000)]
  0x0000017c6e7c3000 JavaThread "Exec Stream Pumper" daemon [_thread_in_native, id=5680, stack(0x0000007616400000,0x0000007616500000)]
  0x0000017c6e741800 JavaThread "Exec Stream Pumper" daemon [_thread_in_native, id=7956, stack(0x0000007616300000,0x0000007616400000)]
  0x0000017c6e7c4800 JavaThread "UrlChecker-2" daemon [_thread_blocked, id=8500, stack(0x0000007616200000,0x0000007616300000)]
  0x0000017c6d132000 JavaThread "Exec Default Executor" daemon [_thread_in_native, id=7368, stack(0x0000007616100000,0x0000007616200000)]
  0x0000017c6d2c3000 JavaThread "Service Thread" daemon [_thread_blocked, id=2096, stack(0x0000007615f00000,0x0000007616000000)]
=>0x0000017c6d229800 JavaThread "C1 CompilerThread2" daemon [_thread_in_native, id=1944, stack(0x0000007615e00000,0x0000007615f00000)]
  0x0000017c6d225800 JavaThread "C2 CompilerThread1" daemon [_thread_in_native, id=1780, stack(0x0000007615d00000,0x0000007615e00000)]
  0x0000017c6d223800 JavaThread "C2 CompilerThread0" daemon [_thread_in_native, id=3360, stack(0x0000007615c00000,0x0000007615d00000)]
  0x0000017c6d1d2800 JavaThread "Monitor Ctrl-Break" daemon [_thread_in_native, id=4772, stack(0x0000007615b00000,0x0000007615c00000)]
  0x0000017c6c545800 JavaThread "Attach Listener" daemon [_thread_blocked, id=7880, stack(0x0000007615a00000,0x0000007615b00000)]
  0x0000017c6c54c800 JavaThread "Signal Dispatcher" daemon [_thread_blocked, id=6780, stack(0x0000007615900000,0x0000007615a00000)]
  0x0000017c6c524000 JavaThread "Finalizer" daemon [_thread_blocked, id=6504, stack(0x0000007615800000,0x0000007615900000)]
  0x0000017c6c51a000 JavaThread "Reference Handler" daemon [_thread_blocked, id=2828, stack(0x0000007615700000,0x0000007615800000)]
  0x0000017c55e94800 JavaThread "main" [_thread_blocked, id=9172, stack(0x0000007615100000,0x0000007615200000)]

Other Threads:
  0x0000017c6c4f2800 VMThread [stack: 0x0000007615600000,0x0000007615700000] [id=4316]
  0x0000017c6d341800 WatcherThread [stack: 0x0000007616000000,0x0000007616100000] [id=7456]

VM state:not at safepoint (normal execution)

VM Mutex/Monitor currently owned by a thread: None

heap address: 0x0000000082000000, size: 2016 MB, Compressed Oops mode: 32-bit
Narrow klass base: 0x0000000000000000, Narrow klass shift: 3
Compressed class space size: 1073741824 Address: 0x0000000100000000

Heap:
 PSYoungGen      total 37888K, used 30455K [0x00000000d6000000, 0x00000000d8a00000, 0x0000000100000000)
  eden space 32768K, 92% used [0x00000000d6000000,0x00000000d7dbdf70,0x00000000d8000000)
  from space 5120K, 0% used [0x00000000d8500000,0x00000000d8500000,0x00000000d8a00000)
  to   space 5120K, 0% used [0x00000000d8000000,0x00000000d8000000,0x00000000d8500000)
 ParOldGen       total 47616K, used 5575K [0x0000000082000000, 0x0000000084e80000, 0x00000000d6000000)
  object space 47616K, 11% used [0x0000000082000000,0x0000000082571c00,0x0000000084e80000)
 Metaspace       used 20219K, capacity 21466K, committed 21504K, reserved 1069056K
  class space    used 2520K, capacity 2799K, committed 2816K, reserved 1048576K

Card table byte_map: [0x0000017c66b10000,0x0000017c66f10000] byte_map_base: 0x0000017c66700000

Marking Bits: (ParMarkBitMap*) 0x00000000778c7fe0
 Begin Bits: [0x0000017c671b0000, 0x0000017c69130000)
 End Bits:   [0x0000017c69130000, 0x0000017c6b0b0000)

Polling page: 0x0000017c560e0000

CodeCache: size=245760Kb used=6918Kb max_used=6918Kb free=238841Kb
 bounds [0x0000017c57750000, 0x0000017c57e20000, 0x0000017c66750000]
 total_blobs=2485 nmethods=2064 adapters=332
 compilation: enabled

Compilation events (10 events):
Event: 16.774 Thread 0x0000017c6d229800 2060       3       java.util.ArrayDeque::isEmpty (17 bytes)
Event: 16.775 Thread 0x0000017c6d229800 nmethod 2060 0x0000017c57e0c750 code [0x0000017c57e0c8a0, 0x0000017c57e0ca58]
Event: 16.775 Thread 0x0000017c6d229800 2061       3       org.openqa.selenium.json.JsonInput::readString (129 bytes)
Event: 16.777 Thread 0x0000017c6d229800 nmethod 2061 0x0000017c57e0fed0 code [0x0000017c57e10280, 0x0000017c57e11fe0]
Event: 16.777 Thread 0x0000017c6d229800 2062       3       jdk.internal.org.objectweb.asm.MethodVisitor::visitFieldInsn (20 bytes)
Event: 16.777 Thread 0x0000017c6d229800 nmethod 2062 0x0000017c57e0c290 code [0x0000017c57e0c400, 0x0000017c57e0c670]
Event: 16.789 Thread 0x0000017c6d229800 2063       3       sun.nio.cs.UTF_8$Encoder::encodeArrayLoop (489 bytes)
Event: 16.792 Thread 0x0000017c6d229800 nmethod 2063 0x0000017c57e13010 code [0x0000017c57e13580, 0x0000017c57e16bf0]
Event: 16.792 Thread 0x0000017c6d229800 2069       3       sun.nio.cs.UTF_8$Decoder::decode (779 bytes)
Event: 16.793 Thread 0x0000017c6d225800 2070       4       java.util.Formatter$Conversion::isGeneral (64 bytes)

GC Heap History (10 events):
Event: 0.933 GC heap before
{Heap before GC invocations=1 (full 0):
 PSYoungGen      total 37888K, used 32768K [0x00000000d6000000, 0x00000000d8a00000, 0x0000000100000000)
  eden space 32768K, 100% used [0x00000000d6000000,0x00000000d8000000,0x00000000d8000000)
  from space 5120K, 0% used [0x00000000d8500000,0x00000000d8500000,0x00000000d8a00000)
  to   space 5120K, 0% used [0x00000000d8000000,0x00000000d8000000,0x00000000d8500000)
 ParOldGen       total 86016K, used 0K [0x0000000082000000, 0x0000000087400000, 0x00000000d6000000)
  object space 86016K, 0% used [0x0000000082000000,0x0000000082000000,0x0000000087400000)
 Metaspace       used 10967K, capacity 11530K, committed 11648K, reserved 1058816K
  class space    used 1245K, capacity 1389K, committed 1408K, reserved 1048576K
Event: 0.938 GC heap after
Heap after GC invocations=1 (full 0):
 PSYoungGen      total 37888K, used 5077K [0x00000000d6000000, 0x00000000d8a00000, 0x0000000100000000)
  eden space 32768K, 0% used [0x00000000d6000000,0x00000000d6000000,0x00000000d8000000)
  from space 5120K, 99% used [0x00000000d8000000,0x00000000d84f5780,0x00000000d8500000)
  to   space 5120K, 0% used [0x00000000d8500000,0x00000000d8500000,0x00000000d8a00000)
 ParOldGen       total 86016K, used 16K [0x0000000082000000, 0x0000000087400000, 0x00000000d6000000)
  object space 86016K, 0% used [0x0000000082000000,0x0000000082004000,0x0000000087400000)
 Metaspace       used 10967K, capacity 11530K, committed 11648K, reserved 1058816K
  class space    used 1245K, capacity 1389K, committed 1408K, reserved 1048576K
}
Event: 1.615 GC heap before
{Heap before GC invocations=2 (full 0):
 PSYoungGen      total 37888K, used 37845K [0x00000000d6000000, 0x00000000d8a00000, 0x0000000100000000)
  eden space 32768K, 100% used [0x00000000d6000000,0x00000000d8000000,0x00000000d8000000)
  from space 5120K, 99% used [0x00000000d8000000,0x00000000d84f5780,0x00000000d8500000)
  to   space 5120K, 0% used [0x00000000d8500000,0x00000000d8500000,0x00000000d8a00000)
 ParOldGen       total 86016K, used 16K [0x0000000082000000, 0x0000000087400000, 0x00000000d6000000)
  object space 86016K, 0% used [0x0000000082000000,0x0000000082004000,0x0000000087400000)
 Metaspace       used 16026K, capacity 16822K, committed 17024K, reserved 1064960K
  class space    used 1882K, capacity 2073K, committed 2176K, reserved 1048576K
Event: 1.622 GC heap after
Heap after GC invocations=2 (full 0):
 PSYoungGen      total 37888K, used 5106K [0x00000000d6000000, 0x00000000d8a00000, 0x0000000100000000)
  eden space 32768K, 0% used [0x00000000d6000000,0x00000000d6000000,0x00000000d8000000)
  from space 5120K, 99% used [0x00000000d8500000,0x00000000d89fca28,0x00000000d8a00000)
  to   space 5120K, 0% used [0x00000000d8000000,0x00000000d8000000,0x00000000d8500000)
 ParOldGen       total 86016K, used 2307K [0x0000000082000000, 0x0000000087400000, 0x00000000d6000000)
  object space 86016K, 2% used [0x0000000082000000,0x0000000082240f48,0x0000000087400000)
 Metaspace       used 16026K, capacity 16822K, committed 17024K, reserved 1064960K
  class space    used 1882K, capacity 2073K, committed 2176K, reserved 1048576K
}
Event: 7.611 GC heap before
{Heap before GC invocations=3 (full 0):
 PSYoungGen      total 37888K, used 37874K [0x00000000d6000000, 0x00000000d8a00000, 0x0000000100000000)
  eden space 32768K, 100% used [0x00000000d6000000,0x00000000d8000000,0x00000000d8000000)
  from space 5120K, 99% used [0x00000000d8500000,0x00000000d89fca28,0x00000000d8a00000)
  to   space 5120K, 0% used [0x00000000d8000000,0x00000000d8000000,0x00000000d8500000)
 ParOldGen       total 86016K, used 2307K [0x0000000082000000, 0x0000000087400000, 0x00000000d6000000)
  object space 86016K, 2% used [0x0000000082000000,0x0000000082240f48,0x0000000087400000)
 Metaspace       used 19932K, capacity 21102K, committed 21248K, reserved 1067008K
  class space    used 2468K, capacity 2765K, committed 2816K, reserved 1048576K
Event: 7.620 GC heap after
Heap after GC invocations=3 (full 0):
 PSYoungGen      total 37888K, used 5093K [0x00000000d6000000, 0x00000000d8a00000, 0x0000000100000000)
  eden space 32768K, 0% used [0x00000000d6000000,0x00000000d6000000,0x00000000d8000000)
  from space 5120K, 99% used [0x00000000d8000000,0x00000000d84f9540,0x00000000d8500000)
  to   space 5120K, 0% used [0x00000000d8500000,0x00000000d8500000,0x00000000d8a00000)
 ParOldGen       total 86016K, used 5457K [0x0000000082000000, 0x0000000087400000, 0x00000000d6000000)
  object space 86016K, 6% used [0x0000000082000000,0x00000000825545c8,0x0000000087400000)
 Metaspace       used 19932K, capacity 21102K, committed 21248K, reserved 1067008K
  class space    used 2468K, capacity 2765K, committed 2816K, reserved 1048576K
}
Event: 7.678 GC heap before
{Heap before GC invocations=4 (full 0):
 PSYoungGen      total 37888K, used 6717K [0x00000000d6000000, 0x00000000d8a00000, 0x0000000100000000)
  eden space 32768K, 4% used [0x00000000d6000000,0x00000000d6195ed8,0x00000000d8000000)
  from space 5120K, 99% used [0x00000000d8000000,0x00000000d84f9540,0x00000000d8500000)
  to   space 5120K, 0% used [0x00000000d8500000,0x00000000d8500000,0x00000000d8a00000)
 ParOldGen       total 86016K, used 5457K [0x0000000082000000, 0x0000000087400000, 0x00000000d6000000)
  object space 86016K, 6% used [0x0000000082000000,0x00000000825545c8,0x0000000087400000)
 Metaspace       used 19959K, capacity 21166K, committed 21248K, reserved 1067008K
  class space    used 2470K, capacity 2765K, committed 2816K, reserved 1048576K
Event: 7.684 GC heap after
Heap after GC invocations=4 (full 0):
 PSYoungGen      total 37888K, used 5008K [0x00000000d6000000, 0x00000000d8a00000, 0x0000000100000000)
  eden space 32768K, 0% used [0x00000000d6000000,0x00000000d6000000,0x00000000d8000000)
  from space 5120K, 97% used [0x00000000d8500000,0x00000000d89e4040,0x00000000d8a00000)
  to   space 5120K, 0% used [0x00000000d8000000,0x00000000d8000000,0x00000000d8500000)
 ParOldGen       total 86016K, used 5465K [0x0000000082000000, 0x0000000087400000, 0x00000000d6000000)
  object space 86016K, 6% used [0x0000000082000000,0x00000000825565c8,0x0000000087400000)
 Metaspace       used 19959K, capacity 21166K, committed 21248K, reserved 1067008K
  class space    used 2470K, capacity 2765K, committed 2816K, reserved 1048576K
}
Event: 7.684 GC heap before
{Heap before GC invocations=5 (full 1):
 PSYoungGen      total 37888K, used 5008K [0x00000000d6000000, 0x00000000d8a00000, 0x0000000100000000)
  eden space 32768K, 0% used [0x00000000d6000000,0x00000000d6000000,0x00000000d8000000)
  from space 5120K, 97% used [0x00000000d8500000,0x00000000d89e4040,0x00000000d8a00000)
  to   space 5120K, 0% used [0x00000000d8000000,0x00000000d8000000,0x00000000d8500000)
 ParOldGen       total 86016K, used 5465K [0x0000000082000000, 0x0000000087400000, 0x00000000d6000000)
  object space 86016K, 6% used [0x0000000082000000,0x00000000825565c8,0x0000000087400000)
 Metaspace       used 19959K, capacity 21166K, committed 21248K, reserved 1067008K
  class space    used 2470K, capacity 2765K, committed 2816K, reserved 1048576K
Event: 7.716 GC heap after
Heap after GC invocations=5 (full 1):
 PSYoungGen      total 37888K, used 0K [0x00000000d6000000, 0x00000000d8a00000, 0x0000000100000000)
  eden space 32768K, 0% used [0x00000000d6000000,0x00000000d6000000,0x00000000d8000000)
  from space 5120K, 0% used [0x00000000d8500000,0x00000000d8500000,0x00000000d8a00000)
  to   space 5120K, 0% used [0x00000000d8000000,0x00000000d8000000,0x00000000d8500000)
 ParOldGen       total 47616K, used 5575K [0x0000000082000000, 0x0000000084e80000, 0x00000000d6000000)
  object space 47616K, 11% used [0x0000000082000000,0x0000000082571c00,0x0000000084e80000)
 Metaspace       used 19959K, capacity 21166K, committed 21248K, reserved 1067008K
  class space    used 2470K, capacity 2765K, committed 2816K, reserved 1048576K
}

Deoptimization events (10 events):
Event: 3.032 Thread 0x0000017c55e94800 Uncommon trap: reason=bimorphic action=maybe_recompile pc=0x0000017c57c2f0f0 method=java.util.HashMap.putVal(ILjava/lang/Object;Ljava/lang/Object;ZZ)Ljava/lang/Object; @ 203
Event: 3.032 Thread 0x0000017c55e94800 Uncommon trap: reason=class_check action=maybe_recompile pc=0x0000017c57c2d338 method=java.util.HashMap.putVal(ILjava/lang/Object;Ljava/lang/Object;ZZ)Ljava/lang/Object; @ 253
Event: 3.033 Thread 0x0000017c55e94800 Uncommon trap: reason=class_check action=maybe_recompile pc=0x0000017c57c2d338 method=java.util.HashMap.putVal(ILjava/lang/Object;Ljava/lang/Object;ZZ)Ljava/lang/Object; @ 253
Event: 7.552 Thread 0x0000017c55e94800 Uncommon trap: reason=unstable_if action=reinterpret pc=0x0000017c57921d58 method=sun.nio.cs.UTF_8$Encoder.encode([CII[B)I @ 33
Event: 7.647 Thread 0x0000017c55e94800 Uncommon trap: reason=class_check action=maybe_recompile pc=0x0000017c57d7f750 method=com.google.common.collect.RegularImmutableMap.get(Ljava/lang/Object;[Lcom/google/common/collect/ImmutableMapEntry;I)Ljava/lang/Object; @ 11
Event: 7.647 Thread 0x0000017c55e94800 Uncommon trap: reason=class_check action=maybe_recompile pc=0x0000017c57d7f750 method=com.google.common.collect.RegularImmutableMap.get(Ljava/lang/Object;[Lcom/google/common/collect/ImmutableMapEntry;I)Ljava/lang/Object; @ 11
Event: 7.667 Thread 0x0000017c55e94800 Uncommon trap: reason=class_check action=maybe_recompile pc=0x0000017c57d7f750 method=com.google.common.collect.RegularImmutableMap.get(Ljava/lang/Object;[Lcom/google/common/collect/ImmutableMapEntry;I)Ljava/lang/Object; @ 11
Event: 7.667 Thread 0x0000017c55e94800 Uncommon trap: reason=class_check action=maybe_recompile pc=0x0000017c57d7f750 method=com.google.common.collect.RegularImmutableMap.get(Ljava/lang/Object;[Lcom/google/common/collect/ImmutableMapEntry;I)Ljava/lang/Object; @ 11
Event: 16.790 Thread 0x0000017c55e94800 Uncommon trap: reason=unstable_if action=reinterpret pc=0x0000017c57b20544 method=sun.nio.cs.UTF_8$Decoder.decode([BII[C)I @ 30
Event: 16.790 Thread 0x0000017c55e94800 Uncommon trap: reason=unstable_if action=reinterpret pc=0x0000017c57dec3c8 method=java.util.regex.Matcher.appendReplacement(Ljava/lang/StringBuffer;Ljava/lang/String;)Ljava/util/regex/Matcher; @ 47

Classes redefined (0 events):
No events

Internal exceptions (10 events):
Event: 11.917 Thread 0x0000017c55e94800 Exception <a 'java/net/SocketTimeoutException': Read timed out> (0x00000000d725fdc8) thrown at [C:\jenkins\workspace\8-2-build-windows-amd64-cygwin\jdk8u301\1513\hotspot\src\share\vm\prims\jni.cpp, line 737]
Event: 11.931 Thread 0x0000017c55e94800 Exception <a 'java/net/SocketTimeoutException': Read timed out> (0x00000000d7694d30) thrown at [C:\jenkins\workspace\8-2-build-windows-amd64-cygwin\jdk8u301\1513\hotspot\src\share\vm\prims\jni.cpp, line 737]
Event: 11.942 Thread 0x0000017c55e94800 Exception <a 'java/net/SocketTimeoutException': Read timed out> (0x00000000d76a8370) thrown at [C:\jenkins\workspace\8-2-build-windows-amd64-cygwin\jdk8u301\1513\hotspot\src\share\vm\prims\jni.cpp, line 737]
Event: 11.957 Thread 0x0000017c55e94800 Exception <a 'java/net/SocketTimeoutException': Read timed out> (0x00000000d76c9558) thrown at [C:\jenkins\workspace\8-2-build-windows-amd64-cygwin\jdk8u301\1513\hotspot\src\share\vm\prims\jni.cpp, line 737]
Event: 11.967 Thread 0x0000017c55e94800 Exception <a 'java/net/SocketTimeoutException': Read timed out> (0x00000000d76e2c48) thrown at [C:\jenkins\workspace\8-2-build-windows-amd64-cygwin\jdk8u301\1513\hotspot\src\share\vm\prims\jni.cpp, line 737]
Event: 12.040 Thread 0x0000017c55e94800 Exception <a 'java/net/SocketTimeoutException': Read timed out> (0x00000000d76f6ba8) thrown at [C:\jenkins\workspace\8-2-build-windows-amd64-cygwin\jdk8u301\1513\hotspot\src\share\vm\prims\jni.cpp, line 737]
Event: 12.061 Thread 0x0000017c55e94800 Exception <a 'java/net/SocketTimeoutException': Read timed out> (0x00000000d77129b8) thrown at [C:\jenkins\workspace\8-2-build-windows-amd64-cygwin\jdk8u301\1513\hotspot\src\share\vm\prims\jni.cpp, line 737]
Event: 16.706 Thread 0x0000017c55e94800 Exception <a 'java/net/SocketTimeoutException': Read timed out> (0x00000000d7b46548) thrown at [C:\jenkins\workspace\8-2-build-windows-amd64-cygwin\jdk8u301\1513\hotspot\src\share\vm\prims\jni.cpp, line 737]
Event: 16.787 Thread 0x0000017c55e94800 Exception <a 'java/lang/reflect/InvocationTargetException'> (0x00000000d7b999f0) thrown at [C:\jenkins\workspace\8-2-build-windows-amd64-cygwin\jdk8u301\1513\hotspot\src\share\vm\runtime\reflection.cpp, line 1092]
Event: 16.788 Thread 0x0000017c55e94800 Exception <a 'java/lang/reflect/InvocationTargetException'> (0x00000000d7b99e08) thrown at [C:\jenkins\workspace\8-2-build-windows-amd64-cygwin\jdk8u301\1513\hotspot\src\share\vm\runtime\reflection.cpp, line 1092]

Events (10 events):
Event: 16.789 loading class java/lang/Throwable$WrappedPrintStream
Event: 16.789 loading class java/lang/Throwable$WrappedPrintStream done
Event: 16.789 loading class java/util/IdentityHashMap$KeySet
Event: 16.789 loading class java/util/IdentityHashMap$KeySet done
Event: 16.790 Thread 0x0000017c55e94800 Uncommon trap: trap_request=0xffffff65 fr.pc=0x0000017c57b20544
Event: 16.790 Thread 0x0000017c55e94800 DEOPT PACKING pc=0x0000017c57b20544 sp=0x00000076151fe1a0
Event: 16.790 Thread 0x0000017c55e94800 DEOPT UNPACKING pc=0x0000017c57795843 sp=0x00000076151fe120 mode 2
Event: 16.790 Thread 0x0000017c55e94800 Uncommon trap: trap_request=0xffffff65 fr.pc=0x0000017c57dec3c8
Event: 16.790 Thread 0x0000017c55e94800 DEOPT PACKING pc=0x0000017c57dec3c8 sp=0x00000076151fe0c0
Event: 16.790 Thread 0x0000017c55e94800 DEOPT UNPACKING pc=0x0000017c57795843 sp=0x00000076151fe090 mode 2


Dynamic libraries:
0x00007ff6df4f0000 - 0x00007ff6df537000 	C:\Program Files\Java\jdk1.8.0_301\bin\java.exe
0x00007ffe4ea00000 - 0x00007ffe4ebed000 	C:\Windows\SYSTEM32\ntdll.dll
0x00007ffe4c500000 - 0x00007ffe4c5b3000 	C:\Windows\System32\KERNEL32.DLL
0x00007ffe4b7e0000 - 0x00007ffe4ba75000 	C:\Windows\System32\KERNELBASE.dll
0x00007ffe4be60000 - 0x00007ffe4bf04000 	C:\Windows\System32\ADVAPI32.dll
0x00007ffe4e840000 - 0x00007ffe4e8de000 	C:\Windows\System32\msvcrt.dll
0x00007ffe4bc40000 - 0x00007ffe4bcde000 	C:\Windows\System32\sechost.dll
0x00007ffe4c2f0000 - 0x00007ffe4c40f000 	C:\Windows\System32\RPCRT4.dll
0x00007ffe4bf10000 - 0x00007ffe4c0a8000 	C:\Windows\System32\USER32.dll
0x00007ffe4ab60000 - 0x00007ffe4ab80000 	C:\Windows\System32\win32u.dll
0x00007ffe4c470000 - 0x00007ffe4c499000 	C:\Windows\System32\GDI32.dll
0x00007ffe4ae70000 - 0x00007ffe4b00c000 	C:\Windows\System32\gdi32full.dll
0x00007ffe4bae0000 - 0x00007ffe4bb80000 	C:\Windows\System32\msvcp_win.dll
0x00007ffe4ad70000 - 0x00007ffe4ae6a000 	C:\Windows\System32\ucrtbase.dll
0x00007ffe3bf10000 - 0x00007ffe3c189000 	C:\Windows\WinSxS\amd64_microsoft.windows.common-controls_6595b64144ccf1df_6.0.17763.2114_none_de6e8966534dbac6\COMCTL32.dll
0x00007ffe4c5c0000 - 0x00007ffe4c8ed000 	C:\Windows\System32\combase.dll
0x00007ffe4aab0000 - 0x00007ffe4ab32000 	C:\Windows\System32\bcryptPrimitives.dll
0x00007ffe4e310000 - 0x00007ffe4e33e000 	C:\Windows\System32\IMM32.DLL
0x00007ffe3f960000 - 0x00007ffe3f975000 	C:\Program Files\Java\jdk1.8.0_301\jre\bin\vcruntime140.dll
0x00007ffe3f800000 - 0x00007ffe3f89b000 	C:\Program Files\Java\jdk1.8.0_301\jre\bin\msvcp140.dll
0x00000000770e0000 - 0x0000000077940000 	C:\Program Files\Java\jdk1.8.0_301\jre\bin\server\jvm.dll
0x00007ffe4e520000 - 0x00007ffe4e528000 	C:\Windows\System32\PSAPI.DLL
0x00007ffe3aa50000 - 0x00007ffe3aa59000 	C:\Windows\SYSTEM32\WSOCK32.dll
0x00007ffe4e960000 - 0x00007ffe4e9cd000 	C:\Windows\System32\WS2_32.dll
0x00007ffe48680000 - 0x00007ffe486a4000 	C:\Windows\SYSTEM32\WINMM.dll
0x00007ffe3e590000 - 0x00007ffe3e59a000 	C:\Windows\SYSTEM32\VERSION.dll
0x00007ffe48560000 - 0x00007ffe4858d000 	C:\Windows\SYSTEM32\WINMMBASE.dll
0x00007ffe4b790000 - 0x00007ffe4b7da000 	C:\Windows\System32\cfgmgr32.dll
0x00007ffe4aa60000 - 0x00007ffe4aa71000 	C:\Windows\System32\kernel.appcore.dll
0x00007ffe40130000 - 0x00007ffe40140000 	C:\Program Files\Java\jdk1.8.0_301\jre\bin\verify.dll
0x00007ffe3f930000 - 0x00007ffe3f95b000 	C:\Program Files\Java\jdk1.8.0_301\jre\bin\java.dll
0x00007ffe3f7c0000 - 0x00007ffe3f7f0000 	C:\Program Files\Java\jdk1.8.0_301\jre\bin\instrument.dll
0x00007ffe3f910000 - 0x00007ffe3f928000 	C:\Program Files\Java\jdk1.8.0_301\jre\bin\zip.dll
0x00007ffe4c8f0000 - 0x00007ffe4dde9000 	C:\Windows\System32\SHELL32.dll
0x00007ffe4e470000 - 0x00007ffe4e518000 	C:\Windows\System32\shcore.dll
0x00007ffe4b040000 - 0x00007ffe4b78b000 	C:\Windows\System32\windows.storage.dll
0x00007ffe4aa80000 - 0x00007ffe4aaa4000 	C:\Windows\System32\profapi.dll
0x00007ffe4aa00000 - 0x00007ffe4aa5d000 	C:\Windows\System32\powrprof.dll
0x00007ffe4c160000 - 0x00007ffe4c1b2000 	C:\Windows\System32\shlwapi.dll
0x00007ffe4ab40000 - 0x00007ffe4ab57000 	C:\Windows\System32\cryptsp.dll
0x00007ffe3a450000 - 0x00007ffe3a46a000 	C:\Program Files\JetBrains\IntelliJ IDEA Community Edition 2021.2\bin\breakgen64.dll
0x00007ffe3bbf0000 - 0x00007ffe3bc0c000 	C:\Program Files\Java\jdk1.8.0_301\jre\bin\net.dll
0x00007ffe4a230000 - 0x00007ffe4a297000 	C:\Windows\system32\mswsock.dll
0x00007ffe3bbd0000 - 0x00007ffe3bbe3000 	C:\Program Files\Java\jdk1.8.0_301\jre\bin\nio.dll
0x00007ffe49dc0000 - 0x00007ffe49df3000 	C:\Windows\system32\rsaenh.dll
0x00007ffe4b010000 - 0x00007ffe4b036000 	C:\Windows\System32\bcrypt.dll
0x00007ffe4a910000 - 0x00007ffe4a939000 	C:\Windows\SYSTEM32\USERENV.dll
0x00007ffe4a400000 - 0x00007ffe4a40c000 	C:\Windows\SYSTEM32\CRYPTBASE.dll
0x00007ffe49f50000 - 0x00007ffe49f8d000 	C:\Windows\SYSTEM32\IPHLPAPI.DLL
0x00007ffe4be50000 - 0x00007ffe4be58000 	C:\Windows\System32\NSI.dll
0x00007ffe3d7b0000 - 0x00007ffe3d7c6000 	C:\Windows\SYSTEM32\dhcpcsvc6.DLL
0x00007ffe3dbd0000 - 0x00007ffe3dbec000 	C:\Windows\SYSTEM32\dhcpcsvc.DLL
0x00007ffe49f90000 - 0x00007ffe4a056000 	C:\Windows\SYSTEM32\DNSAPI.dll
0x00007ffe3d1e0000 - 0x00007ffe3d1ea000 	C:\Windows\System32\rasadhlp.dll
0x00007ffe3b640000 - 0x00007ffe3b6b9000 	C:\Windows\System32\fwpuclnt.dll
0x00007ffe33080000 - 0x00007ffe330a4000 	C:\Program Files\Java\jdk1.8.0_301\jre\bin\sunec.dll
0x00007ffe3d200000 - 0x00007ffe3d20d000 	C:\Program Files\Java\jdk1.8.0_301\jre\bin\sunmscapi.dll
0x00007ffe4ab80000 - 0x00007ffe4ad63000 	C:\Windows\System32\CRYPT32.dll
0x00007ffe4a9e0000 - 0x00007ffe4a9f2000 	C:\Windows\System32\MSASN1.dll
0x00007ffe4a500000 - 0x00007ffe4a526000 	C:\Windows\SYSTEM32\ncrypt.dll
0x00007ffe4a4c0000 - 0x00007ffe4a4fc000 	C:\Windows\SYSTEM32\NTASN1.dll
0x00007ffe32d80000 - 0x00007ffe32d96000 	C:\Windows\system32\napinsp.dll
0x00007ffe32d60000 - 0x00007ffe32d7a000 	C:\Windows\system32\pnrpnsp.dll
0x00007ffe3bbc0000 - 0x00007ffe3bbce000 	C:\Windows\System32\winrnr.dll
0x00007ffe46b50000 - 0x00007ffe46b6b000 	C:\Windows\system32\NLAapi.dll
0x00007ffe403d0000 - 0x00007ffe403e5000 	C:\Windows\system32\wshbth.dll
0x00007ffe49220000 - 0x00007ffe4940d000 	C:\Windows\SYSTEM32\dbghelp.dll

VM Arguments:
jvm_args: -Dorg.jetbrains.run.directory=C:\Users\KAMER\IdeaProjects\cucumberDeneme\src\test\java -javaagent:C:\Program Files\JetBrains\IntelliJ IDEA Community Edition 2021.2\lib\idea_rt.jar=63629:C:\Program Files\JetBrains\IntelliJ IDEA Community Edition 2021.2\bin -Dfile.encoding=UTF-8 
java_command: cucumber.api.cli.Main --plugin org.jetbrains.plugins.cucumber.java.run.CucumberJvmSMFormatter --monochrome C:/Users/KAMER/IdeaProjects/cucumberDeneme/src/test/java/LoginTest.feature
java_class_path (initial): C:\Program Files\Java\jdk1.8.0_301\jre\lib\charsets.jar;C:\Program Files\Java\jdk1.8.0_301\jre\lib\deploy.jar;C:\Program Files\Java\jdk1.8.0_301\jre\lib\ext\access-bridge-64.jar;C:\Program Files\Java\jdk1.8.0_301\jre\lib\ext\cldrdata.jar;C:\Program Files\Java\jdk1.8.0_301\jre\lib\ext\dnsns.jar;C:\Program Files\Java\jdk1.8.0_301\jre\lib\ext\jaccess.jar;C:\Program Files\Java\jdk1.8.0_301\jre\lib\ext\jfxrt.jar;C:\Program Files\Java\jdk1.8.0_301\jre\lib\ext\localedata.jar;C:\Program Files\Java\jdk1.8.0_301\jre\lib\ext\nashorn.jar;C:\Program Files\Java\jdk1.8.0_301\jre\lib\ext\sunec.jar;C:\Program Files\Java\jdk1.8.0_301\jre\lib\ext\sunjce_provider.jar;C:\Program Files\Java\jdk1.8.0_301\jre\lib\ext\sunmscapi.jar;C:\Program Files\Java\jdk1.8.0_301\jre\lib\ext\sunpkcs11.jar;C:\Program Files\Java\jdk1.8.0_301\jre\lib\ext\zipfs.jar;C:\Program Files\Java\jdk1.8.0_301\jre\lib\javaws.jar;C:\Program Files\Java\jdk1.8.0_301\jre\lib\jce.jar;C:\Program Files\Java\jdk1.8.0_301\jre\lib\jfr.jar;C:\Program Files\Java\jdk1.8.0_301\jre\lib\jfxswt.jar;C:\Program Files\Java\jdk1.8.0_301\jre\lib\jsse.jar;C:\Program Files\Java\jdk1.8.0_301\jre\lib\management-agent.jar;C:\Program Files\Java\jdk1.8.0_301\jre\lib\plugin.jar;C:\Program Files\Java\jdk1.8.0_301\jre\lib\resources.jar;C:\Program Files\Java\jdk1.8.0_301\jre\lib\rt.jar;C:\Users\KAMER\IdeaProjects\cucumberDeneme\target\classes;C:\Users\KAMER\.m2\repository\org\seleniumhq\selenium\selenium-java\3.141.59\selenium-java-3.141.59.jar;C:\Users\KAMER\.m2\repository\org\seleniumhq\selenium\selenium-api\3.141.59\selenium-api-3.141.59.jar;C:\Users\KAMER\.m2\repository\org\seleniumhq\selenium\selenium-chrome-driver\3.141.59\selenium-chrome-driver-3.141.59.jar;C:\Users\KAMER\.m2\repository\org\seleniumhq\selenium\selenium-edge-driver\3.141.59\selenium-edge-driver-3.141.59.jar;C:\Users\KAMER\.m2\repository\org\seleniumhq\selenium\selenium-firefox-driver\3.141.59\selenium-firefox-driver-3.141.59.jar;C:\Users\KAMER\.m2\re
Launcher Type: SUN_STANDARD

Environment Variables:
PATH=C:\Program Files (x86)\Common Files\Oracle\Java\javapath;C:\Windows\system32;C:\Windows;C:\Windows\System32\Wbem;C:\Windows\System32\WindowsPowerShell\v1.0\;C:\Windows\System32\OpenSSH\;C:\Program Files (x86)\NVIDIA Corporation\PhysX\Common;C:\Users\KAMER\AppData\Local\Microsoft\WindowsApps;C:\Users\KAMER\AppData\Local\GitHubDesktop\bin
USERNAME=KAMER
OS=Windows_NT
PROCESSOR_IDENTIFIER=Intel64 Family 6 Model 158 Stepping 9, GenuineIntel



---------------  S Y S T E M  ---------------

OS: Windows 10.0 , 64 bit Build 17763 (10.0.17763.2090)

CPU:total 4 (initial active 4) (4 cores per cpu, 1 threads per core) family 6 model 158 stepping 9, cmov, cx8, fxsr, mmx, sse, sse2, sse3, ssse3, sse4.1, sse4.2, popcnt, avx, avx2, aes, clmul, erms, 3dnowpref, lzcnt, tsc, tscinvbit, bmi1, bmi2, adx

Memory: 4k page, physical 8251860k(1599328k free), swap 8251860k(4952k free)

vm_info: Java HotSpot(TM) 64-Bit Server VM (25.301-b09) for windows-amd64 JRE (1.8.0_301-b09), built on Jun  9 2021 06:46:21 by "java_re" with MS VC++ 15.9 (VS2017)

time: Tue Sep  7 10:07:53 2021
timezone: Türkiye Standart Saati
elapsed time: 16.824271 seconds (0d 0h 0m 16s)

